Start testing: May 14 13:49 FLE Daylight Time
----------------------------------------------------------
1/1 Testing: Test_CMake
1/1 Test: Test_CMake
Command: "C:/Users/ignol/Documents/GitHub/UniversityCourseV2/build/Unit_Tests/Test_CMake.exe"
Directory: C:/Users/ignol/Documents/GitHub/UniversityCourseV2/build/Unit_Tests
"Test_CMake" start time: May 14 13:49 FLE Daylight Time
Output:
----------------------------------------------------------
Running main() from C:\Users\ignol\Documents\GitHub\UniversityCourseV2\googletest\googletest\src\gtest_main.cc
[==========] Running 3 tests from 3 test suites.
[----------] Global test environment set-up.
[----------] 1 test from Unit_Tests
[ RUN      ] Unit_Tests.Default_Constructor
[       OK ] Unit_Tests.Default_Constructor (0 ms)
[----------] 1 test from Unit_Tests (0 ms total)

[----------] 1 test from Unit_Tests2
[ RUN      ] Unit_Tests2.Stringstream_Constructor
[       OK ] Unit_Tests2.Stringstream_Constructor (0 ms)
[----------] 1 test from Unit_Tests2 (0 ms total)

[----------] 1 test from Unit_Tests3
[ RUN      ] Unit_Tests3.Copy_Constructor
[       OK ] Unit_Tests3.Copy_Constructor (0 ms)
[----------] 1 test from Unit_Tests3 (0 ms total)

[----------] Global test environment tear-down
[==========] 3 tests from 3 test suites ran. (0 ms total)
[  PASSED  ] 3 tests.
<end of output>
Test time =   0.17 sec
----------------------------------------------------------
Test Passed.
"Test_CMake" end time: May 14 13:49 FLE Daylight Time
"Test_CMake" time elapsed: 00:00:00
----------------------------------------------------------

End testing: May 14 13:49 FLE Daylight Time
