<?xml version="1.0" encoding="UTF-8"?>
<Site BuildName="(empty)"
	BuildStamp="20240514-0954-Experimental"
	Name="(empty)"
	Generator="ctest-3.25.0-rc4"
	CompilerName=""
	CompilerVersion=""
	OSName="Windows"
	Hostname="BlackBox"
	OSRelease=" Personal"
	OSVersion=" (Build 22631)"
	OSPlatform="AMD64"
	Is64Bits="1"
	VendorString="AuthenticAMD"
	VendorID="Advanced Micro Devices"
	FamilyID="15"
	ModelID="1"
	ProcessorCacheSize="64"
	NumberOfLogicalCPU="12"
	NumberOfPhysicalCPU="6"
	TotalVirtualMemory="34722"
	TotalPhysicalMemory="32674"
	LogicalProcessorsPerPhysical="2"
	ProcessorClockFrequency="3693"
	>
	<Testing>
		<StartDateTime>May 14 13:49 FLE Daylight Time</StartDateTime>
		<StartTestTime>1715683742</StartTestTime>
		<TestList>
			<Test>./Unit_Tests/Test_CMake</Test>
		</TestList>
		<Test Status="passed">
			<Name>Test_CMake</Name>
			<Path>./Unit_Tests</Path>
			<FullName>./Unit_Tests/Test_CMake</FullName>
			<FullCommandLine>C:\Users\ignol\Documents\GitHub\UniversityCourseV2\build\Unit_Tests\Test_CMake.exe</FullCommandLine>
			<Results>
				<NamedMeasurement type="numeric/double" name="Execution Time">
					<Value>0.16608</Value>
				</NamedMeasurement>
				<NamedMeasurement type="numeric/double" name="Processors">
					<Value>1</Value>
				</NamedMeasurement>
				<NamedMeasurement type="text/string" name="Completion Status">
					<Value>Completed</Value>
				</NamedMeasurement>
				<NamedMeasurement type="text/string" name="Command Line">
					<Value>C:\Users\ignol\Documents\GitHub\UniversityCourseV2\build\Unit_Tests\Test_CMake.exe</Value>
				</NamedMeasurement>
				<NamedMeasurement type="text/string" name="Environment">
					<Value>#CTEST_RESOURCE_GROUP_COUNT=</Value>
				</NamedMeasurement>
				<Measurement>
					<Value encoding="base64" compression="gzip">eJyVkk1rwzAMhu/5FTo2h5otuQ12GMnoYLCNdt0lDsHN3GBwrGLLHf33c5pS2o1siS7+eiU9r9HSG6NMA61QZhbD1mIL2R1fO2kdV41BzXOsfSsNOb5Q9OQ3fG3UPjwrOmTorZMfCW8QGy1JOrrcOlvzpttVXXlW11Fxf44SlqfeKXQa1zfvD+C8CiuLivk5Slho3AjdC6TZK4umAwMnae53P8S3ve5YNBBT9d41iQpYrl/gGOXFPcvlVnhNVYbGkfU1oQ3aPl6f/9XC7AZaF49B6KVASELH0ZiMZIg6YSuy4QsDhRTtGPbhjAkOkukW0iELKctwdxiD/ls5ATn9C3lorkgKO//EL3M9t8PzClYYdt0pmHl7WK0e8872KZNF3yQNHOM=</Value>
				</Measurement>
			</Results>
		</Test>
		<EndDateTime>May 14 13:49 FLE Daylight Time</EndDateTime>
		<EndTestTime>1715683742</EndTestTime>
		<ElapsedMinutes>0</ElapsedMinutes>
	</Testing>
</Site>
